#
# There is insufficient memory for the Java Runtime Environment to continue.
# Native memory allocation (mmap) failed to map 40894464 bytes for G1 virtual space
# Possible reasons:
#   The system is out of physical RAM or swap space
#   The process is running with CompressedOops enabled, and the Java Heap may be blocking the growth of the native heap
# Possible solutions:
#   Reduce memory load on the system
#   Increase physical memory or swap space
#   Check if swap backing store is full
#   Decrease Java heap size (-Xmx/-Xms)
#   Decrease number of Java threads
#   Decrease Java thread stack sizes (-Xss)
#   Set larger code cache with -XX:ReservedCodeCacheSize=
#   JVM is running with Unscaled Compressed Oops mode in which the Java heap is
#     placed in the first 4GB address space. The Java Heap base address is the
#     maximum limit for the native heap growth. Please use -XX:HeapBaseMinAddress
#     to set the Java Heap base and to place the Java Heap above 4GB virtual address.
# This output file may be truncated or incomplete.
#
#  Out of Memory Error (os_windows.cpp:3527), pid=16448, tid=9332
#
# JRE version: Java(TM) SE Runtime Environment (19.0.1+10) (build 19.0.1+10-21)
# Java VM: Java HotSpot(TM) 64-Bit Server VM (19.0.1+10-21, mixed mode, sharing, tiered, compressed oops, compressed class ptrs, g1 gc, windows-amd64)
# No core dump will be written. Minidumps are not enabled by default on client versions of Windows
#

---------------  S U M M A R Y ------------

Command Line: org.jetbrains.kotlin.cli.jvm.K2JVMCompiler @D:\App\App\node_modules\react-native-screens\android\build\20221230_6820432585631063968.compiler.options

Host: Intel(R) Core(TM) i5-10300H CPU @ 2.50GHz, 8 cores, 7G,  Windows 11 , 64 bit Build 22000 (10.0.22000.1335)
Time: Fri Dec 30 22:23:58 2022 SE Asia Standard Time elapsed time: 3.837257 seconds (0d 0h 0m 3s)

---------------  T H R E A D  ---------------

Current thread (0x0000026449496b30):  VMThread "VM Thread" [stack: 0x0000009360000000,0x0000009360100000] [id=9332]

Stack: [0x0000009360000000,0x0000009360100000]
Native frames: (J=compiled Java code, j=interpreted, Vv=VM code, C=native code)
V  [jvm.dll+0x6ee8fa]
V  [jvm.dll+0x857a1e]
V  [jvm.dll+0x85940e]
V  [jvm.dll+0x859ac3]
V  [jvm.dll+0x28291f]
V  [jvm.dll+0x6eb6e9]
V  [jvm.dll+0x6e028a]
V  [jvm.dll+0x357136]
V  [jvm.dll+0x35eb96]
V  [jvm.dll+0x3b555e]
V  [jvm.dll+0x3b578f]
V  [jvm.dll+0x32c6ea]
V  [jvm.dll+0x32c797]
V  [jvm.dll+0x374b52]
V  [jvm.dll+0x37328f]
V  [jvm.dll+0x32bf10]
V  [jvm.dll+0x37282b]
V  [jvm.dll+0x85ef83]
V  [jvm.dll+0x85fd49]
V  [jvm.dll+0x86027d]
V  [jvm.dll+0x86070b]
V  [jvm.dll+0x8607c7]
V  [jvm.dll+0x8015fa]
V  [jvm.dll+0x6ed5eb]
C  [ucrtbase.dll+0x26c0c]
C  [KERNEL32.DLL+0x155a0]
C  [ntdll.dll+0x485b]

VM_Operation (0x000000935fafd8d0): G1CollectForAllocation, mode: safepoint, requested by thread 0x000002642acf6d40


---------------  P R O C E S S  ---------------

Threads class SMR info:
_java_thread_list=0x000002644dac8ca0, length=14, elements={
0x000002642acf6d40, 0x00000264494af350, 0x00000264494afe20, 0x00000264494b1b90,
0x00000264494b44d0, 0x00000264494b58e0, 0x00000264494c0130, 0x00000264494c96b0,
0x00000264494ce1d0, 0x00000264494bf140, 0x00000264494bebf0, 0x00000264494bfbe0,
0x000002644d93cbb0, 0x000002644dac93d0
}

Java Threads: ( => current thread )
  0x000002642acf6d40 JavaThread "main" [_thread_blocked, id=15560, stack(0x000000935fa00000,0x000000935fb00000)]
  0x00000264494af350 JavaThread "Reference Handler" daemon [_thread_blocked, id=14120, stack(0x0000009360100000,0x0000009360200000)]
  0x00000264494afe20 JavaThread "Finalizer" daemon [_thread_blocked, id=6628, stack(0x0000009360200000,0x0000009360300000)]
  0x00000264494b1b90 JavaThread "Signal Dispatcher" daemon [_thread_blocked, id=11540, stack(0x0000009360300000,0x0000009360400000)]
  0x00000264494b44d0 JavaThread "Attach Listener" daemon [_thread_blocked, id=21220, stack(0x0000009360400000,0x0000009360500000)]
  0x00000264494b58e0 JavaThread "Service Thread" daemon [_thread_blocked, id=4580, stack(0x0000009360500000,0x0000009360600000)]
  0x00000264494c0130 JavaThread "Monitor Deflation Thread" daemon [_thread_blocked, id=540, stack(0x0000009360600000,0x0000009360700000)]
  0x00000264494c96b0 JavaThread "C2 CompilerThread0" daemon [_thread_blocked, id=10872, stack(0x0000009360700000,0x0000009360800000)]
  0x00000264494ce1d0 JavaThread "C1 CompilerThread0" daemon [_thread_blocked, id=20080, stack(0x0000009360800000,0x0000009360900000)]
  0x00000264494bf140 JavaThread "Sweeper thread" daemon [_thread_blocked, id=18392, stack(0x0000009360900000,0x0000009360a00000)]
  0x00000264494bebf0 JavaThread "Notification Thread" daemon [_thread_blocked, id=20488, stack(0x0000009360a00000,0x0000009360b00000)]
  0x00000264494bfbe0 JavaThread "Common-Cleaner" daemon [_thread_blocked, id=22512, stack(0x0000009360c00000,0x0000009360d00000)]
  0x000002644d93cbb0 JavaThread "C2 CompilerThread1" daemon [_thread_blocked, id=19308, stack(0x0000009360d00000,0x0000009360e00000)]
  0x000002644dac93d0 JavaThread "C2 CompilerThread2" daemon [_thread_blocked, id=5744, stack(0x0000009360e00000,0x0000009360f00000)]

Other Threads:
=>0x0000026449496b30 VMThread "VM Thread" [stack: 0x0000009360000000,0x0000009360100000] [id=9332]
  0x000002644d8f5560 WatcherThread "VM Periodic Task Thread" [stack: 0x0000009360b00000,0x0000009360c00000] [id=8996]
  0x000002642ad58510 WorkerThread "GC Thread#0" [stack: 0x000000935fb00000,0x000000935fc00000] [id=13388]
  0x000002644dd3fd00 WorkerThread "GC Thread#1" [stack: 0x0000009360f00000,0x0000009361000000] [id=21096]
  0x000002644dd3ffd0 WorkerThread "GC Thread#2" [stack: 0x0000009361000000,0x0000009361100000] [id=18036]
  0x000002644de55340 WorkerThread "GC Thread#3" [stack: 0x0000009361100000,0x0000009361200000] [id=13112]
  0x000002644de570f0 WorkerThread "GC Thread#4" [stack: 0x0000009361200000,0x0000009361300000] [id=20004]
  0x000002644de584a0 WorkerThread "GC Thread#5" [stack: 0x0000009361300000,0x0000009361400000] [id=21648]
  0x000002644de56b50 WorkerThread "GC Thread#6" [stack: 0x0000009361400000,0x0000009361500000] [id=20664]
  0x000002644de57690 WorkerThread "GC Thread#7" [stack: 0x0000009361500000,0x0000009361600000] [id=22516]
  0x000002642ad6a280 ConcurrentGCThread "G1 Main Marker" [stack: 0x000000935fc00000,0x000000935fd00000] [id=7216]
  0x000002642ad6b350 WorkerThread "G1 Conc#0" [stack: 0x000000935fd00000,0x000000935fe00000] [id=1704]
  0x000002644de57960 WorkerThread "G1 Conc#1" [stack: 0x0000009361600000,0x0000009361700000] [id=21744]
  0x000002642adbe490 ConcurrentGCThread "G1 Refine#0" [stack: 0x000000935fe00000,0x000000935ff00000] [id=1220]
  0x0000026449351150 ConcurrentGCThread "G1 Service" [stack: 0x000000935ff00000,0x0000009360000000] [id=436]

Threads with active compile tasks:
C1 CompilerThread0     3850 6303       3       org.jetbrains.kotlin.load.java.typeEnhancement.TypeEnhancementKt::enhanceMutability (113 bytes)
C2 CompilerThread1     3850 6275   !   4       org.jetbrains.kotlin.storage.LockBasedStorageManager$MapBasedMemoizedFunction::invoke (356 bytes)

VM state: at safepoint (normal execution)

VM Mutex/Monitor currently owned by a thread:  ([mutex/lock_event])
[0x000002642acf2d20] Threads_lock - owner thread: 0x0000026449496b30
[0x000002642acf2e40] Heap_lock - owner thread: 0x000002642acf6d40

Heap address: 0x0000000082000000, size: 2016 MB, Compressed Oops mode: 32-bit

CDS archive(s) mapped at: [0x0000000800000000-0x0000000800c40000-0x0000000800c40000), size 12845056, SharedBaseAddress: 0x0000000800000000, ArchiveRelocationMode: 0.
Compressed class space mapped at: 0x0000000801000000-0x0000000841000000, reserved size: 1073741824
Narrow klass base: 0x0000000800000000, Narrow klass shift: 0, Narrow klass range: 0x100000000

GC Precious Log:
 CardTable entry size: 512
 Card Set container configuration: InlinePtr #cards 5 size 8 Array Of Cards #cards 12 size 40 Howl #buckets 4 coarsen threshold 1843 Howl Bitmap #cards 512 size 80 coarsen threshold 460 Card regions per heap region 1 cards per card region 2048
 CPUs: 8 total, 8 available
 Memory: 8060M
 Large Page Support: Disabled
 NUMA Support: Disabled
 Compressed Oops: Enabled (32-bit)
 Heap Region Size: 1M
 Heap Min Capacity: 8M
 Heap Initial Capacity: 126M
 Heap Max Capacity: 2016M
 Pre-touch: Disabled
 Parallel Workers: 8
 Concurrent Workers: 2
 Concurrent Refinement Workers: 8
 Periodic GC: Disabled

Heap:
 garbage-first heap   total 92160K, used 45202K [0x0000000082000000, 0x0000000100000000)
  region size 1024K, 3 young (3072K), 3 survivors (3072K)
 Metaspace       used 50508K, committed 51264K, reserved 1114112K
  class space    used 6099K, committed 6464K, reserved 1048576K

Heap Regions: E=young(eden), S=young(survivor), O=old, HS=humongous(starts), HC=humongous(continues), CS=collection set, F=free, OA=open archive, CA=closed archive, TAMS=top-at-mark-start (previous, next)
|   0|0x0000000082000000, 0x0000000082100000, 0x0000000082100000|100%|HS|  |TAMS 0x0000000082100000, 0x0000000082000000| Complete 
|   1|0x0000000082100000, 0x0000000082200000, 0x0000000082200000|100%|HC|  |TAMS 0x0000000082200000, 0x0000000082100000| Complete 
|   2|0x0000000082200000, 0x0000000082300000, 0x0000000082300000|100%|HC|  |TAMS 0x0000000082300000, 0x0000000082200000| Complete 
|   3|0x0000000082300000, 0x0000000082400000, 0x0000000082400000|100%| O|  |TAMS 0x0000000082400000, 0x0000000082300000| Untracked 
|   4|0x0000000082400000, 0x0000000082500000, 0x0000000082500000|100%| O|  |TAMS 0x0000000082500000, 0x0000000082400000| Untracked 
|   5|0x0000000082500000, 0x0000000082600000, 0x0000000082600000|100%| O|  |TAMS 0x0000000082600000, 0x0000000082500000| Untracked 
|   6|0x0000000082600000, 0x0000000082700000, 0x0000000082700000|100%|HS|  |TAMS 0x0000000082700000, 0x0000000082600000| Complete 
|   7|0x0000000082700000, 0x0000000082800000, 0x0000000082800000|100%|HC|  |TAMS 0x0000000082800000, 0x0000000082700000| Complete 
|   8|0x0000000082800000, 0x0000000082900000, 0x0000000082900000|100%|HC|  |TAMS 0x0000000082900000, 0x0000000082800000| Complete 
|   9|0x0000000082900000, 0x0000000082a00000, 0x0000000082a00000|100%| O|  |TAMS 0x0000000082a00000, 0x0000000082900000| Untracked 
|  10|0x0000000082a00000, 0x0000000082b00000, 0x0000000082b00000|100%| O|  |TAMS 0x0000000082a00000, 0x0000000082a00000| Untracked 
|  11|0x0000000082b00000, 0x0000000082c00000, 0x0000000082c00000|100%| O|  |TAMS 0x0000000082c00000, 0x0000000082b00000| Untracked 
|  12|0x0000000082c00000, 0x0000000082d00000, 0x0000000082d00000|100%| O|  |TAMS 0x0000000082d00000, 0x0000000082c00000| Untracked 
|  13|0x0000000082d00000, 0x0000000082e00000, 0x0000000082e00000|100%| O|  |TAMS 0x0000000082e00000, 0x0000000082d00000| Untracked 
|  14|0x0000000082e00000, 0x0000000082f00000, 0x0000000082f00000|100%| O|  |TAMS 0x0000000082f00000, 0x0000000082e00000| Untracked 
|  15|0x0000000082f00000, 0x0000000083000000, 0x0000000083000000|100%| O|  |TAMS 0x0000000083000000, 0x0000000082f00000| Untracked 
|  16|0x0000000083000000, 0x0000000083100000, 0x0000000083100000|100%| O|  |TAMS 0x0000000083100000, 0x0000000083000000| Untracked 
|  17|0x0000000083100000, 0x0000000083200000, 0x0000000083200000|100%| O|  |TAMS 0x0000000083200000, 0x0000000083100000| Untracked 
|  18|0x0000000083200000, 0x0000000083300000, 0x0000000083300000|100%|HS|  |TAMS 0x0000000083200000, 0x0000000083200000| Complete 
|  19|0x0000000083300000, 0x0000000083400000, 0x0000000083400000|100%|HC|  |TAMS 0x0000000083300000, 0x0000000083300000| Complete 
|  20|0x0000000083400000, 0x0000000083500000, 0x0000000083500000|100%| O|  |TAMS 0x0000000083400000, 0x0000000083400000| Untracked 
|  21|0x0000000083500000, 0x0000000083600000, 0x0000000083600000|100%| O|  |TAMS 0x0000000083500000, 0x0000000083500000| Untracked 
|  22|0x0000000083600000, 0x0000000083700000, 0x0000000083700000|100%| O|  |TAMS 0x0000000083700000, 0x0000000083600000| Untracked 
|  23|0x0000000083700000, 0x0000000083800000, 0x0000000083800000|100%| O|  |TAMS 0x0000000083800000, 0x0000000083700000| Untracked 
|  24|0x0000000083800000, 0x0000000083900000, 0x0000000083900000|100%| O|  |TAMS 0x0000000083900000, 0x0000000083800000| Untracked 
|  25|0x0000000083900000, 0x0000000083a00000, 0x0000000083a00000|100%| O|  |TAMS 0x0000000083a00000, 0x0000000083900000| Untracked 
|  26|0x0000000083a00000, 0x0000000083b00000, 0x0000000083b00000|100%| O|  |TAMS 0x0000000083a00000, 0x0000000083a00000| Untracked 
|  27|0x0000000083b00000, 0x0000000083c00000, 0x0000000083c00000|100%| O|  |TAMS 0x0000000083b00000, 0x0000000083b00000| Untracked 
|  28|0x0000000083c00000, 0x0000000083d00000, 0x0000000083d00000|100%| O|  |TAMS 0x0000000083c00000, 0x0000000083c00000| Untracked 
|  29|0x0000000083d00000, 0x0000000083e00000, 0x0000000083e00000|100%| O|  |TAMS 0x0000000083d00000, 0x0000000083d00000| Untracked 
|  30|0x0000000083e00000, 0x0000000083f00000, 0x0000000083f00000|100%| O|  |TAMS 0x0000000083e00000, 0x0000000083e00000| Untracked 
|  31|0x0000000083f00000, 0x0000000083f28000, 0x0000000084000000| 15%| O|  |TAMS 0x0000000083f00000, 0x0000000083f00000| Untracked 
|  32|0x0000000084000000, 0x0000000084000000, 0x0000000084100000|  0%| F|  |TAMS 0x0000000084000000, 0x0000000084000000| Untracked 
|  33|0x0000000084100000, 0x0000000084100000, 0x0000000084200000|  0%| F|  |TAMS 0x0000000084100000, 0x0000000084100000| Untracked 
|  34|0x0000000084200000, 0x0000000084200000, 0x0000000084300000|  0%| F|  |TAMS 0x0000000084200000, 0x0000000084200000| Untracked 
|  35|0x0000000084300000, 0x0000000084400000, 0x0000000084400000|100%| O|  |TAMS 0x0000000084300000, 0x0000000084300000| Untracked 
|  36|0x0000000084400000, 0x0000000084500000, 0x0000000084500000|100%| O|  |TAMS 0x0000000084400000, 0x0000000084400000| Untracked 
|  37|0x0000000084500000, 0x0000000084600000, 0x0000000084600000|100%| O|  |TAMS 0x0000000084500000, 0x0000000084500000| Untracked 
|  38|0x0000000084600000, 0x0000000084700000, 0x0000000084700000|100%| O|  |TAMS 0x0000000084600000, 0x0000000084600000| Untracked 
|  39|0x0000000084700000, 0x0000000084800000, 0x0000000084800000|100%| O|  |TAMS 0x0000000084700000, 0x0000000084700000| Untracked 
|  40|0x0000000084800000, 0x0000000084900000, 0x0000000084900000|100%| O|  |TAMS 0x0000000084800000, 0x0000000084800000| Untracked 
|  41|0x0000000084900000, 0x0000000084a00000, 0x0000000084a00000|100%| O|  |TAMS 0x0000000084900000, 0x0000000084900000| Untracked 
|  42|0x0000000084a00000, 0x0000000084a00000, 0x0000000084b00000|  0%| F|  |TAMS 0x0000000084a00000, 0x0000000084a00000| Untracked 
|  43|0x0000000084b00000, 0x0000000084b00000, 0x0000000084c00000|  0%| F|  |TAMS 0x0000000084b00000, 0x0000000084b00000| Untracked 
|  44|0x0000000084c00000, 0x0000000084c00000, 0x0000000084d00000|  0%| F|  |TAMS 0x0000000084c00000, 0x0000000084c00000| Untracked 
|  45|0x0000000084d00000, 0x0000000084d00000, 0x0000000084e00000|  0%| F|  |TAMS 0x0000000084d00000, 0x0000000084d00000| Untracked 
|  46|0x0000000084e00000, 0x0000000084e00000, 0x0000000084f00000|  0%| F|  |TAMS 0x0000000084e00000, 0x0000000084e00000| Untracked 
|  47|0x0000000084f00000, 0x0000000084f00000, 0x0000000085000000|  0%| F|  |TAMS 0x0000000084f00000, 0x0000000084f00000| Untracked 
|  48|0x0000000085000000, 0x0000000085000000, 0x0000000085100000|  0%| F|  |TAMS 0x0000000085000000, 0x0000000085000000| Untracked 
|  49|0x0000000085100000, 0x0000000085100000, 0x0000000085200000|  0%| F|  |TAMS 0x0000000085100000, 0x0000000085100000| Untracked 
|  50|0x0000000085200000, 0x0000000085200000, 0x0000000085300000|  0%| F|  |TAMS 0x0000000085200000, 0x0000000085200000| Untracked 
|  51|0x0000000085300000, 0x0000000085300000, 0x0000000085400000|  0%| F|  |TAMS 0x0000000085300000, 0x0000000085300000| Untracked 
|  52|0x0000000085400000, 0x0000000085400000, 0x0000000085500000|  0%| F|  |TAMS 0x0000000085400000, 0x0000000085400000| Untracked 
|  53|0x0000000085500000, 0x0000000085500000, 0x0000000085600000|  0%| F|  |TAMS 0x0000000085500000, 0x0000000085500000| Untracked 
|  54|0x0000000085600000, 0x0000000085600000, 0x0000000085700000|  0%| F|  |TAMS 0x0000000085600000, 0x0000000085600000| Untracked 
|  55|0x0000000085700000, 0x0000000085700000, 0x0000000085800000|  0%| F|  |TAMS 0x0000000085700000, 0x0000000085700000| Untracked 
|  56|0x0000000085800000, 0x0000000085800000, 0x0000000085900000|  0%| F|  |TAMS 0x0000000085800000, 0x0000000085800000| Untracked 
|  57|0x0000000085900000, 0x00000000859fcba0, 0x0000000085a00000| 98%| S|CS|TAMS 0x0000000085900000, 0x0000000085900000| Complete 
|  58|0x0000000085a00000, 0x0000000085b00000, 0x0000000085b00000|100%| S|CS|TAMS 0x0000000085a00000, 0x0000000085a00000| Complete 
|  59|0x0000000085b00000, 0x0000000085c00000, 0x0000000085c00000|100%| S|CS|TAMS 0x0000000085b00000, 0x0000000085b00000| Complete 
|  60|0x0000000085c00000, 0x0000000085c00000, 0x0000000085d00000|  0%| F|  |TAMS 0x0000000085c00000, 0x0000000085c00000| Untracked 
|  61|0x0000000085d00000, 0x0000000085d00000, 0x0000000085e00000|  0%| F|  |TAMS 0x0000000085d00000, 0x0000000085d00000| Untracked 
|  62|0x0000000085e00000, 0x0000000085e00000, 0x0000000085f00000|  0%| F|  |TAMS 0x0000000085e00000, 0x0000000085e00000| Untracked 
|  63|0x0000000085f00000, 0x0000000085f00000, 0x0000000086000000|  0%| F|  |TAMS 0x0000000085f00000, 0x0000000085f00000| Untracked 
|  64|0x0000000086000000, 0x0000000086000000, 0x0000000086100000|  0%| F|  |TAMS 0x0000000086000000, 0x0000000086000000| Untracked 
|  65|0x0000000086100000, 0x0000000086100000, 0x0000000086200000|  0%| F|  |TAMS 0x0000000086100000, 0x0000000086100000| Untracked 
|  66|0x0000000086200000, 0x0000000086200000, 0x0000000086300000|  0%| F|  |TAMS 0x0000000086200000, 0x0000000086200000| Untracked 
|  67|0x0000000086300000, 0x0000000086300000, 0x0000000086400000|  0%| F|  |TAMS 0x0000000086300000, 0x0000000086300000| Untracked 
|  68|0x0000000086400000, 0x0000000086400000, 0x0000000086500000|  0%| F|  |TAMS 0x0000000086400000, 0x0000000086400000| Untracked 
|  69|0x0000000086500000, 0x0000000086500000, 0x0000000086600000|  0%| F|  |TAMS 0x0000000086500000, 0x0000000086500000| Untracked 
|  70|0x0000000086600000, 0x0000000086600000, 0x0000000086700000|  0%| F|  |TAMS 0x0000000086600000, 0x0000000086600000| Untracked 
|  71|0x0000000086700000, 0x0000000086700000, 0x0000000086800000|  0%| F|  |TAMS 0x0000000086700000, 0x0000000086700000| Untracked 
|  72|0x0000000086800000, 0x0000000086800000, 0x0000000086900000|  0%| F|  |TAMS 0x0000000086800000, 0x0000000086800000| Untracked 
|  73|0x0000000086900000, 0x0000000086900000, 0x0000000086a00000|  0%| F|  |TAMS 0x0000000086900000, 0x0000000086900000| Untracked 
|  74|0x0000000086a00000, 0x0000000086a00000, 0x0000000086b00000|  0%| F|  |TAMS 0x0000000086a00000, 0x0000000086a00000| Untracked 
|  75|0x0000000086b00000, 0x0000000086b00000, 0x0000000086c00000|  0%| F|  |TAMS 0x0000000086b00000, 0x0000000086b00000| Untracked 
|  76|0x0000000086c00000, 0x0000000086c00000, 0x0000000086d00000|  0%| F|  |TAMS 0x0000000086c00000, 0x0000000086c00000| Untracked 
|  77|0x0000000086d00000, 0x0000000086d00000, 0x0000000086e00000|  0%| F|  |TAMS 0x0000000086d00000, 0x0000000086d00000| Untracked 
|  78|0x0000000086e00000, 0x0000000086e00000, 0x0000000086f00000|  0%| F|  |TAMS 0x0000000086e00000, 0x0000000086e00000| Untracked 
|  79|0x0000000086f00000, 0x0000000086f00000, 0x0000000087000000|  0%| F|  |TAMS 0x0000000086f00000, 0x0000000086f00000| Untracked 
|  80|0x0000000087000000, 0x0000000087000000, 0x0000000087100000|  0%| F|  |TAMS 0x0000000087000000, 0x0000000087000000| Untracked 
|  81|0x0000000087100000, 0x0000000087100000, 0x0000000087200000|  0%| F|  |TAMS 0x0000000087100000, 0x0000000087100000| Untracked 
|  82|0x0000000087200000, 0x0000000087200000, 0x0000000087300000|  0%| F|  |TAMS 0x0000000087200000, 0x0000000087200000| Untracked 
|  83|0x0000000087300000, 0x0000000087300000, 0x0000000087400000|  0%| F|  |TAMS 0x0000000087300000, 0x0000000087300000| Untracked 
|  84|0x0000000087400000, 0x0000000087400000, 0x0000000087500000|  0%| F|  |TAMS 0x0000000087400000, 0x0000000087400000| Untracked 
|  85|0x0000000087500000, 0x0000000087500000, 0x0000000087600000|  0%| F|  |TAMS 0x0000000087500000, 0x0000000087500000| Untracked 
| 125|0x0000000089d00000, 0x0000000089d00000, 0x0000000089e00000|  0%| F|  |TAMS 0x0000000089d00000, 0x0000000089d00000| Untracked 
|2013|0x00000000ffd00000, 0x00000000ffe00000, 0x00000000ffe00000|100%| O|  |TAMS 0x00000000ffd00000, 0x00000000ffd00000| Untracked 
|2014|0x00000000ffe00000, 0x00000000fff00000, 0x00000000fff00000|100%| O|  |TAMS 0x00000000ffe00000, 0x00000000ffe00000| Untracked 
|2015|0x00000000fff00000, 0x0000000100000000, 0x0000000100000000|100%| O|  |TAMS 0x00000000fff00000, 0x00000000fff00000| Untracked 

Card table byte_map: [0x00000264423a0000,0x0000026442790000] _byte_map_base: 0x0000026441f90000

Marking Bits (Prev, Next): (CMBitMap*) 0x000002642ad58a40, (CMBitMap*) 0x000002642ad58a80
 Prev Bits: [0x0000026442b80000, 0x0000026444b00000)
 Next Bits: [0x0000026444b00000, 0x0000026446a80000)

Polling page: 0x0000026428ca0000

Metaspace:

Usage:
  Non-class:     43.37 MB used.
      Class:      5.96 MB used.
       Both:     49.32 MB used.

Virtual space:
  Non-class space:       64.00 MB reserved,      43.75 MB ( 68%) committed,  1 nodes.
      Class space:        1.00 GB reserved,       6.31 MB ( <1%) committed,  1 nodes.
             Both:        1.06 GB reserved,      50.06 MB (  5%) committed. 

Chunk freelists:
   Non-Class:  239.00 KB
       Class:  1.69 MB
        Both:  1.92 MB

MaxMetaspaceSize: unlimited
CompressedClassSpaceSize: 1.00 GB
Initial GC threshold: 21.00 MB
Current GC threshold: 59.19 MB
CDS: on
MetaspaceReclaimPolicy: balanced
 - commit_granule_bytes: 65536.
 - commit_granule_words: 8192.
 - virtual_space_node_default_size: 8388608.
 - enlarge_chunks_in_place: 1.
 - new_chunks_are_fully_committed: 0.
 - uncommit_free_chunks: 1.
 - use_allocation_guard: 0.


Internal statistics:

num_allocs_failed_limit: 9.
num_arena_births: 1286.
num_arena_deaths: 0.
num_vsnodes_births: 2.
num_vsnodes_deaths: 0.
num_space_committed: 799.
num_space_uncommitted: 0.
num_chunks_returned_to_freelist: 9.
num_chunks_taken_from_freelist: 3351.
num_chunk_merges: 9.
num_chunk_splits: 2401.
num_chunks_enlarged: 1720.
num_inconsistent_stats: 0.

CodeHeap 'non-profiled nmethods': size=120000Kb used=3008Kb max_used=3315Kb free=116992Kb
 bounds [0x000002643a730000, 0x000002643aa70000, 0x0000026441c60000]
CodeHeap 'profiled nmethods': size=120000Kb used=10729Kb max_used=12463Kb free=109270Kb
 bounds [0x0000026432c60000, 0x0000026433890000, 0x000002643a190000]
CodeHeap 'non-nmethods': size=5760Kb used=1395Kb max_used=1482Kb free=4364Kb
 bounds [0x000002643a190000, 0x000002643a400000, 0x000002643a730000]
 total_blobs=5971 nmethods=5337 adapters=543
 compilation: enabled
              stopped_count=0, restarted_count=0
 full_count=0

Compilation events (20 events):
Event: 3.820 Thread 0x00000264494ce1d0 6293       3       org.jetbrains.kotlin.com.intellij.util.containers.IntStack::<init> (17 bytes)
Event: 3.820 Thread 0x00000264494ce1d0 nmethod 6293 0x0000026433376e90 code [0x0000026433377040, 0x00000264333772b8]
Event: 3.820 Thread 0x00000264494ce1d0 6294       3       org.jetbrains.kotlin.it.unimi.dsi.fastutil.ints.AbstractIntCollection::<init> (5 bytes)
Event: 3.820 Thread 0x00000264494ce1d0 nmethod 6294 0x0000026432ffe510 code [0x0000026432ffe6c0, 0x0000026432ffe878]
Event: 3.820 Thread 0x00000264494ce1d0 6296       3       org.jetbrains.kotlin.com.intellij.util.containers.ConcurrentLongObjectHashMap$Node::<init> (27 bytes)
Event: 3.820 Thread 0x00000264494ce1d0 nmethod 6296 0x00000264333a5c90 code [0x00000264333a5e40, 0x00000264333a6078]
Event: 3.820 Thread 0x00000264494ce1d0 6297   !   3       org.jetbrains.kotlin.com.intellij.util.containers.ConcurrentLongObjectHashMap::casTabAt (32 bytes)
Event: 3.821 Thread 0x00000264494ce1d0 nmethod 6297 0x0000026433135490 code [0x00000264331356c0, 0x0000026433135fc8]
Event: 3.821 Thread 0x00000264494ce1d0 6301       3       org.jetbrains.kotlin.com.intellij.psi.impl.source.tree.CompositePsiElement::getContainingFile (20 bytes)
Event: 3.821 Thread 0x00000264494ce1d0 nmethod 6301 0x0000026433418e90 code [0x0000026433419040, 0x0000026433419298]
Event: 3.821 Thread 0x00000264494ce1d0 6298       3       gnu.trove.THash::isEmpty (14 bytes)
Event: 3.821 Thread 0x00000264494ce1d0 nmethod 6298 0x0000026432f7c490 code [0x0000026432f7c620, 0x0000026432f7c798]
Event: 3.822 Thread 0x00000264494ce1d0 6302       3       org.jetbrains.kotlin.com.intellij.psi.util.PsiTreeUtil::getChildOfType (55 bytes)
Event: 3.822 Thread 0x00000264494ce1d0 nmethod 6302 0x0000026432e94210 code [0x0000026432e94440, 0x0000026432e94c28]
Event: 3.822 Thread 0x00000264494ce1d0 6305       3       org.jetbrains.kotlin.types.KotlinTypeFactory::simpleTypeWithNonTrivialMemberScope (89 bytes)
Event: 3.824 Thread 0x00000264494ce1d0 nmethod 6305 0x0000026433290110 code [0x0000026433290620, 0x0000026433292ab8]
Event: 3.824 Thread 0x00000264494ce1d0 6306       3       org.jetbrains.kotlin.resolve.InlineClassesUtilsKt::isInlineClass (43 bytes)
Event: 3.824 Thread 0x00000264494ce1d0 nmethod 6306 0x0000026433287010 code [0x0000026433287260, 0x0000026433287d78]
Event: 3.824 Thread 0x00000264494ce1d0 6303       3       org.jetbrains.kotlin.load.java.typeEnhancement.TypeEnhancementKt::enhanceMutability (113 bytes)
Event: 3.824 Thread 0x000002644dac93d0 nmethod 6033 0x000002643a9c3890 code [0x000002643a9c3d80, 0x000002643a9c7be8]

GC Heap History (20 events):
Event: 0.920 GC heap after
{Heap after GC invocations=2 (full 0):
 garbage-first heap   total 129024K, used 9408K [0x0000000082000000, 0x0000000100000000)
  region size 1024K, 4 young (4096K), 4 survivors (4096K)
 Metaspace       used 14847K, committed 15104K, reserved 1114112K
  class space    used 1657K, committed 1792K, reserved 1048576K
}
Event: 1.241 GC heap before
{Heap before GC invocations=2 (full 0):
 garbage-first heap   total 129024K, used 33984K [0x0000000082000000, 0x0000000100000000)
  region size 1024K, 26 young (26624K), 4 survivors (4096K)
 Metaspace       used 21241K, committed 21504K, reserved 1114112K
  class space    used 2577K, committed 2688K, reserved 1048576K
}
Event: 1.245 GC heap after
{Heap after GC invocations=3 (full 0):
 garbage-first heap   total 129024K, used 14822K [0x0000000082000000, 0x0000000100000000)
  region size 1024K, 6 young (6144K), 6 survivors (6144K)
 Metaspace       used 21241K, committed 21504K, reserved 1114112K
  class space    used 2577K, committed 2688K, reserved 1048576K
}
Event: 1.620 GC heap before
{Heap before GC invocations=4 (full 0):
 garbage-first heap   total 55296K, used 43494K [0x0000000082000000, 0x0000000100000000)
  region size 1024K, 32 young (32768K), 6 survivors (6144K)
 Metaspace       used 25629K, committed 25984K, reserved 1114112K
  class space    used 3366K, committed 3520K, reserved 1048576K
}
Event: 1.631 GC heap after
{Heap after GC invocations=5 (full 0):
 garbage-first heap   total 55296K, used 20877K [0x0000000082000000, 0x0000000100000000)
  region size 1024K, 4 young (4096K), 4 survivors (4096K)
 Metaspace       used 25629K, committed 25984K, reserved 1114112K
  class space    used 3366K, committed 3520K, reserved 1048576K
}
Event: 1.647 GC heap before
{Heap before GC invocations=5 (full 0):
 garbage-first heap   total 55296K, used 21901K [0x0000000082000000, 0x0000000100000000)
  region size 1024K, 5 young (5120K), 4 survivors (4096K)
 Metaspace       used 25972K, committed 26304K, reserved 1114112K
  class space    used 3398K, committed 3520K, reserved 1048576K
}
Event: 1.652 GC heap after
{Heap after GC invocations=6 (full 0):
 garbage-first heap   total 55296K, used 22134K [0x0000000082000000, 0x0000000100000000)
  region size 1024K, 1 young (1024K), 1 survivors (1024K)
 Metaspace       used 25972K, committed 26304K, reserved 1114112K
  class space    used 3398K, committed 3520K, reserved 1048576K
}
Event: 1.839 GC heap before
{Heap before GC invocations=6 (full 0):
 garbage-first heap   total 55296K, used 40566K [0x0000000082000000, 0x0000000100000000)
  region size 1024K, 20 young (20480K), 1 survivors (1024K)
 Metaspace       used 29546K, committed 29824K, reserved 1114112K
  class space    used 3764K, committed 3904K, reserved 1048576K
}
Event: 1.842 GC heap after
{Heap after GC invocations=7 (full 0):
 garbage-first heap   total 55296K, used 22064K [0x0000000082000000, 0x0000000100000000)
  region size 1024K, 3 young (3072K), 3 survivors (3072K)
 Metaspace       used 29546K, committed 29824K, reserved 1114112K
  class space    used 3764K, committed 3904K, reserved 1048576K
}
Event: 2.001 GC heap before
{Heap before GC invocations=7 (full 0):
 garbage-first heap   total 55296K, used 40496K [0x0000000082000000, 0x0000000100000000)
  region size 1024K, 21 young (21504K), 3 survivors (3072K)
 Metaspace       used 32824K, committed 33280K, reserved 1114112K
  class space    used 4079K, committed 4288K, reserved 1048576K
}
Event: 2.005 GC heap after
{Heap after GC invocations=8 (full 0):
 garbage-first heap   total 102400K, used 23970K [0x0000000082000000, 0x0000000100000000)
  region size 1024K, 2 young (2048K), 2 survivors (2048K)
 Metaspace       used 32824K, committed 33280K, reserved 1114112K
  class space    used 4079K, committed 4288K, reserved 1048576K
}
Event: 2.148 GC heap before
{Heap before GC invocations=8 (full 0):
 garbage-first heap   total 102400K, used 38306K [0x0000000082000000, 0x0000000100000000)
  region size 1024K, 17 young (17408K), 2 survivors (2048K)
 Metaspace       used 35284K, committed 35968K, reserved 1114112K
  class space    used 4402K, committed 4736K, reserved 1048576K
}
Event: 2.152 GC heap after
{Heap after GC invocations=9 (full 0):
 garbage-first heap   total 102400K, used 25083K [0x0000000082000000, 0x0000000100000000)
  region size 1024K, 3 young (3072K), 3 survivors (3072K)
 Metaspace       used 35284K, committed 35968K, reserved 1114112K
  class space    used 4402K, committed 4736K, reserved 1048576K
}
Event: 2.788 GC heap before
{Heap before GC invocations=10 (full 0):
 garbage-first heap   total 89088K, used 78331K [0x0000000082000000, 0x0000000100000000)
  region size 1024K, 52 young (53248K), 3 survivors (3072K)
 Metaspace       used 42458K, committed 43200K, reserved 1114112K
  class space    used 5142K, committed 5504K, reserved 1048576K
}
Event: 2.806 GC heap after
{Heap after GC invocations=11 (full 0):
 garbage-first heap   total 92160K, used 37064K [0x0000000082000000, 0x0000000100000000)
  region size 1024K, 7 young (7168K), 7 survivors (7168K)
 Metaspace       used 42458K, committed 43200K, reserved 1114112K
  class space    used 5142K, committed 5504K, reserved 1048576K
}
Event: 2.808 GC heap before
{Heap before GC invocations=11 (full 0):
 garbage-first heap   total 92160K, used 38088K [0x0000000082000000, 0x0000000100000000)
  region size 1024K, 8 young (8192K), 7 survivors (7168K)
 Metaspace       used 42458K, committed 43200K, reserved 1114112K
  class space    used 5142K, committed 5504K, reserved 1048576K
}
Event: 2.814 GC heap after
{Heap after GC invocations=12 (full 0):
 garbage-first heap   total 92160K, used 38313K [0x0000000082000000, 0x0000000100000000)
  region size 1024K, 1 young (1024K), 1 survivors (1024K)
 Metaspace       used 42458K, committed 43200K, reserved 1114112K
  class space    used 5142K, committed 5504K, reserved 1048576K
}
Event: 3.078 GC heap before
{Heap before GC invocations=12 (full 0):
 garbage-first heap   total 92160K, used 66985K [0x0000000082000000, 0x0000000100000000)
  region size 1024K, 30 young (30720K), 1 survivors (1024K)
 Metaspace       used 43522K, committed 44224K, reserved 1114112K
  class space    used 5205K, committed 5568K, reserved 1048576K
}
Event: 3.084 GC heap after
{Heap after GC invocations=13 (full 0):
 garbage-first heap   total 92160K, used 41984K [0x0000000082000000, 0x0000000100000000)
  region size 1024K, 4 young (4096K), 4 survivors (4096K)
 Metaspace       used 43522K, committed 44224K, reserved 1114112K
  class space    used 5205K, committed 5568K, reserved 1048576K
}
Event: 3.825 GC heap before
{Heap before GC invocations=13 (full 0):
 garbage-first heap   total 92160K, used 69632K [0x0000000082000000, 0x0000000100000000)
  region size 1024K, 31 young (31744K), 4 survivors (4096K)
 Metaspace       used 50508K, committed 51264K, reserved 1114112K
  class space    used 6099K, committed 6464K, reserved 1048576K
}

Dll operation events (7 events):
Event: 0.006 Loaded shared library C:\Program Files\Java\jdk-19\bin\java.dll
Event: 0.013 Loaded shared library C:\Program Files\Java\jdk-19\bin\jsvml.dll
Event: 0.042 Loaded shared library C:\Program Files\Java\jdk-19\bin\net.dll
Event: 0.044 Loaded shared library C:\Program Files\Java\jdk-19\bin\nio.dll
Event: 0.066 Loaded shared library C:\Program Files\Java\jdk-19\bin\zip.dll
Event: 0.252 Loaded shared library C:\Program Files\Java\jdk-19\bin\jimage.dll
Event: 0.709 Loaded shared library C:\Program Files\Java\jdk-19\bin\verify.dll

Deoptimization events (20 events):
Event: 3.365 Thread 0x000002642acf6d40 Uncommon trap: trap_request=0xffffffde fr.pc=0x000002643a975780 relative=0x0000000000000240
Event: 3.365 Thread 0x000002642acf6d40 Uncommon trap: reason=class_check action=maybe_recompile pc=0x000002643a975780 method=gnu.trove.TIntObjectHashMap.index(I)I @ 28 c2
Event: 3.365 Thread 0x000002642acf6d40 DEOPT PACKING pc=0x000002643a975780 sp=0x000000935fafb670
Event: 3.365 Thread 0x000002642acf6d40 DEOPT UNPACKING pc=0x000002643a1f6da3 sp=0x000000935fafb5d8 mode 2
Event: 3.365 Thread 0x000002642acf6d40 Uncommon trap: trap_request=0xffffffde fr.pc=0x000002643a975780 relative=0x0000000000000240
Event: 3.365 Thread 0x000002642acf6d40 Uncommon trap: reason=class_check action=maybe_recompile pc=0x000002643a975780 method=gnu.trove.TIntObjectHashMap.index(I)I @ 28 c2
Event: 3.365 Thread 0x000002642acf6d40 DEOPT PACKING pc=0x000002643a975780 sp=0x000000935fafb5c0
Event: 3.365 Thread 0x000002642acf6d40 DEOPT UNPACKING pc=0x000002643a1f6da3 sp=0x000000935fafb528 mode 2
Event: 3.461 Thread 0x000002642acf6d40 DEOPT PACKING pc=0x000002643344943c sp=0x000000935fafadd0
Event: 3.461 Thread 0x000002642acf6d40 DEOPT UNPACKING pc=0x000002643a1f7543 sp=0x000000935fafa310 mode 0
Event: 3.493 Thread 0x000002642acf6d40 Uncommon trap: trap_request=0xffffffc6 fr.pc=0x000002643a96f55c relative=0x000000000000035c
Event: 3.493 Thread 0x000002642acf6d40 Uncommon trap: reason=bimorphic_or_optimized_type_check action=maybe_recompile pc=0x000002643a96f55c method=org.jetbrains.kotlin.com.intellij.psi.impl.source.tree.TreeElement.rawRemoveUpToWithoutNotifications(Lorg/jetbrains/kotlin/com/intellij/psi/impl/so
Event: 3.493 Thread 0x000002642acf6d40 DEOPT PACKING pc=0x000002643a96f55c sp=0x000000935fafba10
Event: 3.493 Thread 0x000002642acf6d40 DEOPT UNPACKING pc=0x000002643a1f6da3 sp=0x000000935fafb9a0 mode 2
Event: 3.502 Thread 0x000002642acf6d40 DEOPT PACKING pc=0x0000026432ffbe3e sp=0x000000935faf9df0
Event: 3.502 Thread 0x000002642acf6d40 DEOPT UNPACKING pc=0x000002643a1f7543 sp=0x000000935faf9268 mode 0
Event: 3.506 Thread 0x000002642acf6d40 DEOPT PACKING pc=0x00000264330586b6 sp=0x000000935faf9e20
Event: 3.506 Thread 0x000002642acf6d40 DEOPT UNPACKING pc=0x000002643a1f7543 sp=0x000000935faf93a0 mode 0
Event: 3.764 Thread 0x000002642acf6d40 DEOPT PACKING pc=0x0000026433253ee5 sp=0x000000935fafc7f0
Event: 3.764 Thread 0x000002642acf6d40 DEOPT UNPACKING pc=0x000002643a1f7543 sp=0x000000935fafbc40 mode 0

Classes loaded (20 events):
Event: 3.474 Loading class java/util/Comparators$NullComparator
Event: 3.474 Loading class java/util/Comparators$NullComparator done
Event: 3.475 Loading class java/util/stream/SortedOps
Event: 3.476 Loading class java/util/stream/SortedOps done
Event: 3.476 Loading class java/util/stream/SortedOps$OfRef
Event: 3.476 Loading class java/util/stream/ReferencePipeline$StatefulOp
Event: 3.476 Loading class java/util/stream/ReferencePipeline$StatefulOp done
Event: 3.476 Loading class java/util/stream/SortedOps$OfRef done
Event: 3.477 Loading class java/util/stream/Nodes$SpinedNodeBuilder
Event: 3.477 Loading class java/util/stream/SpinedBuffer
Event: 3.477 Loading class java/util/stream/AbstractSpinedBuffer
Event: 3.477 Loading class java/util/stream/AbstractSpinedBuffer done
Event: 3.477 Loading class java/util/stream/SpinedBuffer done
Event: 3.477 Loading class java/util/stream/Nodes$SpinedNodeBuilder done
Event: 3.477 Loading class java/util/stream/SortedOps$RefSortingSink
Event: 3.478 Loading class java/util/stream/SortedOps$AbstractRefSortingSink
Event: 3.478 Loading class java/util/stream/SortedOps$AbstractRefSortingSink done
Event: 3.478 Loading class java/util/stream/SortedOps$RefSortingSink done
Event: 3.500 Loading class java/util/HashMap$EntrySpliterator
Event: 3.501 Loading class java/util/HashMap$EntrySpliterator done

Classes unloaded (0 events):
No events

Classes redefined (0 events):
No events

Internal exceptions (20 events):
Event: 2.099 Thread 0x000002642acf6d40 Exception <a 'java/lang/NoSuchMethodError'{0x0000000087942680}: 'java.lang.Object java.lang.invoke.DelegatingMethodHandle$Holder.reinvoke_L(java.lang.Object, java.lang.Object, java.lang.Object, java.lang.Object, java.lang.Object, java.lang.Object, java.lang.Object, java.lang.Object, java.lang.Object, java.lang.Object, java.lang.Object, java.lang.Object, java.lang.Object, java.lang.Object, java.lang.Object, java.lang.Object, java.lang.Object, java.lang.Object, java.lang.Object)'> (0x0000000087942680) 
throw
Event: 2.111 Thread 0x000002642acf6d40 Exception <a 'java/lang/NoSuchMethodError'{0x00000000877013b0}: 'java.lang.Object java.lang.invoke.DirectMethodHandle$Holder.newInvokeSpecial(java.lang.Object, java.lang.Object, java.lang.Object, java.lang.Object, java.lang.Object, java.lang.Object, java.lang.Object, java.lang.Object, java.lang.Object, java.lang.Object, java.lang.Object, java.lang.Object, java.lang.Object)'> (0x00000000877013b0) 
thrown [s\open\src\hotspot\share\interpreter\linkResolver.cpp, line 774]
Event: 2.111 Thread 0x000002642acf6d40 Exception <a 'java/lang/NoSuchMethodError'{0x00000000877065b8}: 'java.lang.Object java.lang.invoke.DirectMethodHandle$Holder.invokeSpecial(java.lang.Object, java.lang.Object, java.lang.Object, java.lang.Object, java.lang.Object, java.lang.Object, java.lang.Object, java.lang.Object, java.lang.Object, java.lang.Object, java.lang.Object, java.lang.Object, java.lang.Object, java.lang.Object)'> (0x00000000877065b8) 
thrown [s\open\src\hotspot\share\interpreter\linkResolver.cpp, line 774]
Event: 2.111 Thread 0x000002642acf6d40 Exception <a 'java/lang/NoSuchMethodError'{0x000000008770ad78}: 'java.lang.Object java.lang.invoke.DelegatingMethodHandle$Holder.reinvoke_L(java.lang.Object, java.lang.Object, java.lang.Object, java.lang.Object, java.lang.Object, java.lang.Object, java.lang.Object, java.lang.Object, java.lang.Object, java.lang.Object, java.lang.Object, java.lang.Object, java.lang.Object)'> (0x000000008770ad78) 
thrown [s\open\src\hotspot\share\interpreter\linkResolver.cpp, line 774]
Event: 2.177 Thread 0x000002642acf6d40 Exception <a 'java/lang/NoSuchMethodError'{0x00000000875616b0}: 'java.lang.Object java.lang.invoke.DirectMethodHandle$Holder.newInvokeSpecial(java.lang.Object, java.lang.Object, int)'> (0x00000000875616b0) 
thrown [s\open\src\hotspot\share\interpreter\linkResolver.cpp, line 774]
Event: 2.327 Thread 0x000002642acf6d40 Exception <a 'java/lang/NoSuchMethodError'{0x0000000086b3bad8}: 'java.lang.Object java.lang.invoke.DirectMethodHandle$Holder.newInvokeSpecial(java.lang.Object, java.lang.Object, java.lang.Object, int)'> (0x0000000086b3bad8) 
thrown [s\open\src\hotspot\share\interpreter\linkResolver.cpp, line 774]
Event: 2.327 Thread 0x000002642acf6d40 Exception <a 'java/lang/NoSuchMethodError'{0x0000000086b3fea8}: 'java.lang.Object java.lang.invoke.DirectMethodHandle$Holder.invokeSpecial(java.lang.Object, java.lang.Object, java.lang.Object, java.lang.Object, int)'> (0x0000000086b3fea8) 
thrown [s\open\src\hotspot\share\interpreter\linkResolver.cpp, line 774]
Event: 2.327 Thread 0x000002642acf6d40 Exception <a 'java/lang/NoSuchMethodError'{0x0000000086b43870}: 'java.lang.Object java.lang.invoke.Invokers$Holder.linkToTargetMethod(java.lang.Object, java.lang.Object, int, java.lang.Object)'> (0x0000000086b43870) 
thrown [s\open\src\hotspot\share\interpreter\linkResolver.cpp, line 774]
Event: 2.664 Thread 0x000002642acf6d40 Implicit null exception at 0x000002643a79be14 to 0x000002643a79c47c
Event: 3.253 Thread 0x000002642acf6d40 Implicit null exception at 0x000002643a9350e0 to 0x000002643a9353b4
Event: 3.267 Thread 0x000002642acf6d40 Implicit null exception at 0x000002643a9dbaa0 to 0x000002643a9dfb28
Event: 3.364 Thread 0x000002642acf6d40 Exception <a 'java/lang/NoSuchMethodError'{0x00000000869c2648}: 'void java.lang.invoke.DirectMethodHandle$Holder.invokeSpecial(java.lang.Object, java.lang.Object, int, java.lang.Object)'> (0x00000000869c2648) 
thrown [s\open\src\hotspot\share\interpreter\linkResolver.cpp, line 774]
Event: 3.428 Thread 0x000002642acf6d40 Exception <a 'java/lang/NoSuchMethodError'{0x00000000866c28d8}: 'int java.lang.invoke.DirectMethodHandle$Holder.invokeVirtual(java.lang.Object, java.lang.Object, java.lang.Object)'> (0x00000000866c28d8) 
thrown [s\open\src\hotspot\share\interpreter\linkResolver.cpp, line 774]
Event: 3.432 Thread 0x000002642acf6d40 Exception <a 'java/lang/NoSuchMethodError'{0x00000000866fde80}: 'java.lang.Object java.lang.invoke.DirectMethodHandle$Holder.newInvokeSpecial(java.lang.Object, java.lang.Object, java.lang.Object, java.lang.Object, int)'> (0x00000000866fde80) 
thrown [s\open\src\hotspot\share\interpreter\linkResolver.cpp, line 774]
Event: 3.432 Thread 0x000002642acf6d40 Exception <a 'java/lang/NoSuchMethodError'{0x0000000086502c98}: 'java.lang.Object java.lang.invoke.DirectMethodHandle$Holder.invokeSpecial(java.lang.Object, java.lang.Object, java.lang.Object, java.lang.Object, java.lang.Object, int)'> (0x0000000086502c98) 
thrown [s\open\src\hotspot\share\interpreter\linkResolver.cpp, line 774]
Event: 3.432 Thread 0x000002642acf6d40 Exception <a 'java/lang/NoSuchMethodError'{0x0000000086506c48}: 'java.lang.Object java.lang.invoke.Invokers$Holder.linkToTargetMethod(java.lang.Object, java.lang.Object, java.lang.Object, int, java.lang.Object)'> (0x0000000086506c48) 
thrown [s\open\src\hotspot\share\interpreter\linkResolver.cpp, line 774]
Event: 3.442 Thread 0x000002642acf6d40 Exception <a 'java/lang/NoSuchMethodError'{0x00000000865a5828}: 'java.lang.Object java.lang.invoke.DirectMethodHandle$Holder.invokeStaticInit(java.lang.Object, java.lang.Object, java.lang.Object)'> (0x00000000865a5828) 
thrown [s\open\src\hotspot\share\interpreter\linkResolver.cpp, line 774]
Event: 3.475 Thread 0x000002642acf6d40 Exception <a 'java/lang/NoSuchMethodError'{0x0000000086303348}: 'int java.lang.invoke.DirectMethodHandle$Holder.invokeSpecialIFC(java.lang.Object, java.lang.Object, java.lang.Object, java.lang.Object, java.lang.Object)'> (0x0000000086303348) 
thrown [s\open\src\hotspot\share\interpreter\linkResolver.cpp, line 774]
Event: 3.479 Thread 0x000002642acf6d40 Exception <a 'java/lang/NoSuchMethodError'{0x00000000863247b8}: 'void java.lang.invoke.DirectMethodHandle$Holder.invokeInterface(java.lang.Object, java.lang.Object, java.lang.Object)'> (0x00000000863247b8) 
thrown [s\open\src\hotspot\share\interpreter\linkResolver.cpp, line 774]
Event: 3.501 Thread 0x000002642acf6d40 Exception <a 'java/lang/NoSuchMethodError'{0x000000008625bdf8}: 'void java.lang.invoke.DirectMethodHandle$Holder.invokeInterface(java.lang.Object, java.lang.Object)'> (0x000000008625bdf8) 
thrown [s\open\src\hotspot\share\interpreter\linkResolver.cpp, line 774]

VM Operations (20 events):
Event: 3.430 Executing VM operation: HandshakeAllThreads done
Event: 3.460 Executing VM operation: HandshakeAllThreads
Event: 3.460 Executing VM operation: HandshakeAllThreads done
Event: 3.472 Executing VM operation: HandshakeAllThreads
Event: 3.472 Executing VM operation: HandshakeAllThreads done
Event: 3.488 Executing VM operation: HandshakeAllThreads
Event: 3.488 Executing VM operation: HandshakeAllThreads done
Event: 3.511 Executing VM operation: ICBufferFull
Event: 3.512 Executing VM operation: ICBufferFull done
Event: 3.548 Executing VM operation: HandshakeAllThreads
Event: 3.548 Executing VM operation: HandshakeAllThreads done
Event: 3.560 Executing VM operation: HandshakeAllThreads
Event: 3.560 Executing VM operation: HandshakeAllThreads done
Event: 3.572 Executing VM operation: HandshakeAllThreads
Event: 3.572 Executing VM operation: HandshakeAllThreads done
Event: 3.618 Executing VM operation: HandshakeAllThreads
Event: 3.618 Executing VM operation: HandshakeAllThreads done
Event: 3.673 Executing VM operation: ICBufferFull
Event: 3.673 Executing VM operation: ICBufferFull done
Event: 3.825 Executing VM operation: G1CollectForAllocation

Events (20 events):
Event: 3.575 Thread 0x00000264494bf140 flushing nmethod 0x000002643364a290
Event: 3.575 Thread 0x00000264494bf140 flushing nmethod 0x000002643364e510
Event: 3.575 Thread 0x00000264494bf140 flushing nmethod 0x000002643364e910
Event: 3.575 Thread 0x00000264494bf140 flushing nmethod 0x000002643365ca10
Event: 3.576 Thread 0x00000264494bf140 flushing nmethod 0x0000026433718b10
Event: 3.576 Thread 0x00000264494bf140 flushing nmethod 0x000002643372e090
Event: 3.576 Thread 0x00000264494bf140 flushing nmethod 0x000002643375bc90
Event: 3.576 Thread 0x00000264494bf140 flushing nmethod 0x000002643377d290
Event: 3.576 Thread 0x00000264494bf140 flushing nmethod 0x00000264337b6c10
Event: 3.576 Thread 0x00000264494bf140 flushing nmethod 0x00000264337bb510
Event: 3.576 Thread 0x00000264494bf140 flushing nmethod 0x00000264337bbd10
Event: 3.576 Thread 0x00000264494bf140 flushing nmethod 0x00000264337d1810
Event: 3.576 Thread 0x00000264494bf140 flushing nmethod 0x00000264337d1f90
Event: 3.576 Thread 0x00000264494bf140 flushing nmethod 0x00000264337d2290
Event: 3.576 Thread 0x00000264494bf140 flushing nmethod 0x00000264337d2d10
Event: 3.576 Thread 0x00000264494bf140 flushing nmethod 0x00000264337d3290
Event: 3.576 Thread 0x00000264494bf140 flushing nmethod 0x0000026433809b10
Event: 3.576 Thread 0x00000264494bf140 flushing nmethod 0x0000026433817c10
Event: 3.576 Thread 0x00000264494bf140 flushing nmethod 0x0000026433819d10
Event: 3.576 Thread 0x00000264494bf140 flushing nmethod 0x000002643381a110


Dynamic libraries:
0x00007ff763c10000 - 0x00007ff763c20000 	C:\Program Files\Java\jdk-19\bin\java.exe
0x00007ffc827a0000 - 0x00007ffc829a9000 	C:\WINDOWS\SYSTEM32\ntdll.dll
0x00007ffc81420000 - 0x00007ffc814de000 	C:\WINDOWS\System32\KERNEL32.DLL
0x00007ffc800e0000 - 0x00007ffc8045b000 	C:\WINDOWS\System32\KERNELBASE.dll
0x00007ffc80500000 - 0x00007ffc80611000 	C:\WINDOWS\System32\ucrtbase.dll
0x00007ffc49630000 - 0x00007ffc49648000 	C:\Program Files\Java\jdk-19\bin\jli.dll
0x00007ffc45520000 - 0x00007ffc4553b000 	C:\Program Files\Java\jdk-19\bin\VCRUNTIME140.dll
0x00007ffc82440000 - 0x00007ffc824ee000 	C:\WINDOWS\System32\ADVAPI32.dll
0x00007ffc82640000 - 0x00007ffc826e3000 	C:\WINDOWS\System32\msvcrt.dll
0x00007ffc808b0000 - 0x00007ffc8094e000 	C:\WINDOWS\System32\sechost.dll
0x00007ffc82510000 - 0x00007ffc82630000 	C:\WINDOWS\System32\RPCRT4.dll
0x00007ffc80700000 - 0x00007ffc808ad000 	C:\WINDOWS\System32\USER32.dll
0x00007ffc7fd60000 - 0x00007ffc7fd86000 	C:\WINDOWS\System32\win32u.dll
0x00007ffc66990000 - 0x00007ffc66c35000 	C:\WINDOWS\WinSxS\amd64_microsoft.windows.common-controls_6595b64144ccf1df_6.0.22000.120_none_9d947278b86cc467\COMCTL32.dll
0x00007ffc813f0000 - 0x00007ffc81419000 	C:\WINDOWS\System32\GDI32.dll
0x00007ffc7ffc0000 - 0x00007ffc800d8000 	C:\WINDOWS\System32\gdi32full.dll
0x00007ffc80460000 - 0x00007ffc804fd000 	C:\WINDOWS\System32\msvcp_win.dll
0x00007ffc77620000 - 0x00007ffc7762a000 	C:\WINDOWS\SYSTEM32\VERSION.dll
0x00007ffc809c0000 - 0x00007ffc809f2000 	C:\WINDOWS\System32\IMM32.DLL
0x00007ffc5c1b0000 - 0x00007ffc5c1bc000 	C:\Program Files\Java\jdk-19\bin\vcruntime140_1.dll
0x00007ffc167e0000 - 0x00007ffc1686e000 	C:\Program Files\Java\jdk-19\bin\msvcp140.dll
0x00007ffc0abb0000 - 0x00007ffc0b870000 	C:\Program Files\Java\jdk-19\bin\server\jvm.dll
0x00007ffc5bd30000 - 0x00007ffc5bd39000 	C:\WINDOWS\SYSTEM32\WSOCK32.dll
0x00007ffc79b30000 - 0x00007ffc79b63000 	C:\WINDOWS\SYSTEM32\WINMM.dll
0x00007ffc80950000 - 0x00007ffc809bf000 	C:\WINDOWS\System32\WS2_32.dll
0x00007ffc7ede0000 - 0x00007ffc7edf8000 	C:\WINDOWS\SYSTEM32\kernel.appcore.dll
0x00007ffc5b4c0000 - 0x00007ffc5b4ca000 	C:\Program Files\Java\jdk-19\bin\jimage.dll
0x00007ffc7d400000 - 0x00007ffc7d621000 	C:\WINDOWS\SYSTEM32\DBGHELP.DLL
0x00007ffc69cc0000 - 0x00007ffc69cf1000 	C:\WINDOWS\SYSTEM32\dbgcore.DLL
0x00007ffc7fc70000 - 0x00007ffc7fcef000 	C:\WINDOWS\System32\bcryptPrimitives.dll
0x00007ffc3e090000 - 0x00007ffc3e0b6000 	C:\Program Files\Java\jdk-19\bin\java.dll
0x00007ffc16700000 - 0x00007ffc167d7000 	C:\Program Files\Java\jdk-19\bin\jsvml.dll
0x00007ffc816b0000 - 0x00007ffc81e67000 	C:\WINDOWS\System32\SHELL32.dll
0x00007ffc7dd70000 - 0x00007ffc7e5d5000 	C:\WINDOWS\SYSTEM32\windows.storage.dll
0x00007ffc820c0000 - 0x00007ffc82438000 	C:\WINDOWS\System32\combase.dll
0x00007ffc7dc00000 - 0x00007ffc7dd66000 	C:\WINDOWS\SYSTEM32\wintypes.dll
0x00007ffc81f60000 - 0x00007ffc8204a000 	C:\WINDOWS\System32\SHCORE.dll
0x00007ffc826f0000 - 0x00007ffc8274d000 	C:\WINDOWS\System32\shlwapi.dll
0x00007ffc7fba0000 - 0x00007ffc7fbc1000 	C:\WINDOWS\SYSTEM32\profapi.dll
0x00007ffc3c830000 - 0x00007ffc3c843000 	C:\Program Files\Java\jdk-19\bin\net.dll
0x00007ffc79360000 - 0x00007ffc79474000 	C:\WINDOWS\SYSTEM32\WINHTTP.dll
0x00007ffc7f280000 - 0x00007ffc7f2e7000 	C:\WINDOWS\system32\mswsock.dll
0x00007ffc2e690000 - 0x00007ffc2e6a6000 	C:\Program Files\Java\jdk-19\bin\nio.dll
0x00007ffc2d510000 - 0x00007ffc2d528000 	C:\Program Files\Java\jdk-19\bin\zip.dll
0x00007ffc5a1e0000 - 0x00007ffc5a1f0000 	C:\Program Files\Java\jdk-19\bin\verify.dll

dbghelp: loaded successfully - version: 4.0.5 - missing functions: none
symbol engine: initialized successfully - sym options: 0x614 - pdb path: .;C:\Program Files\Java\jdk-19\bin;C:\WINDOWS\SYSTEM32;C:\WINDOWS\WinSxS\amd64_microsoft.windows.common-controls_6595b64144ccf1df_6.0.22000.120_none_9d947278b86cc467;C:\Program Files\Java\jdk-19\bin\server

VM Arguments:
java_command: org.jetbrains.kotlin.cli.jvm.K2JVMCompiler @D:\App\App\node_modules\react-native-screens\android\build\20221230_6820432585631063968.compiler.options
java_class_path (initial): C:\Users\LENOVO\.gradle\caches\modules-2\files-2.1\org.jetbrains.kotlin\kotlin-compiler-embeddable\1.6.21\97bdd5a752ce73b58ef16c17bc7f0ea2faff7a2e\kotlin-compiler-embeddable-1.6.21.jar;C:\Users\LENOVO\.gradle\caches\modules-2\files-2.1\org.jetbrains.kotlin\kotlin-reflect\1.6.21\5dc3574d9b7bebfcb4ec6b10ada4aaa9e140bd0b\kotlin-reflect-1.6.21.jar;C:\Users\LENOVO\.gradle\caches\modules-2\files-2.1\org.jetbrains.kotlin\kotlin-stdlib\1.6.21\11ef67f1900634fd951bad28c53ec957fabbe5b8\kotlin-stdlib-1.6.21.jar;C:\Users\LENOVO\.gradle\caches\modules-2\files-2.1\org.jetbrains.kotlin\kotlin-script-runtime\1.6.21\99c6675100da5d6d5b1c5a1032f27f28008d101b\kotlin-script-runtime-1.6.21.jar;C:\Users\LENOVO\.gradle\caches\modules-2\files-2.1\org.jetbrains.kotlin\kotlin-daemon-embeddable\1.6.21\46b78cf392e1c4f10854c3cadba44abb7b82250f\kotlin-daemon-embeddable-1.6.21.jar;C:\Users\LENOVO\.gradle\caches\modules-2\files-2.1\org.jetbrains.intellij.deps\trove4j\1.0.20200330\3afb14d5f9ceb459d724e907a21145e8ff394f02\trove4j-1.0.20200330.jar;C:\Users\LENOVO\.gradle\caches\modules-2\files-2.1\net.java.dev.jna\jna\5.6.0\330f2244e9030119ab3030fc3fededc86713d9cc\jna-5.6.0.jar;C:\Users\LENOVO\.gradle\caches\modules-2\files-2.1\org.jetbrains.kotlin\kotlin-stdlib-common\1.6.21\5e5b55c26dbc80372a920aef60eb774b714559b8\kotlin-stdlib-common-1.6.21.jar;C:\Users\LENOVO\.gradle\caches\modules-2\files-2.1\org.jetbrains\annotations\13.0\919f0dfe192fb4e063e7dacadee7f8bb9a2672a9\annotations-13.0.jar
Launcher Type: SUN_STANDARD

[Global flags]
     intx CICompilerCount                          = 4                                         {product} {ergonomic}
     uint ConcGCThreads                            = 2                                         {product} {ergonomic}
     uint G1ConcRefinementThreads                  = 8                                         {product} {ergonomic}
   size_t G1HeapRegionSize                         = 1048576                                   {product} {ergonomic}
    uintx GCDrainStackTargetSize                   = 64                                        {product} {ergonomic}
   size_t InitialHeapSize                          = 132120576                                 {product} {ergonomic}
   size_t MarkStackSize                            = 4194304                                   {product} {ergonomic}
   size_t MaxHeapSize                              = 2113929216                                {product} {ergonomic}
   size_t MaxNewSize                               = 1267728384                                {product} {ergonomic}
   size_t MinHeapDeltaBytes                        = 1048576                                   {product} {ergonomic}
   size_t MinHeapSize                              = 8388608                                   {product} {ergonomic}
    uintx NonNMethodCodeHeapSize                   = 5839372                                {pd product} {ergonomic}
    uintx NonProfiledCodeHeapSize                  = 122909434                              {pd product} {ergonomic}
    uintx ProfiledCodeHeapSize                     = 122909434                              {pd product} {ergonomic}
    uintx ReservedCodeCacheSize                    = 251658240                              {pd product} {ergonomic}
     bool SegmentedCodeCache                       = true                                      {product} {ergonomic}
   size_t SoftMaxHeapSize                          = 2113929216                             {manageable} {ergonomic}
     bool UseCompressedClassPointers               = true                           {product lp64_product} {ergonomic}
     bool UseCompressedOops                        = true                           {product lp64_product} {ergonomic}
     bool UseG1GC                                  = true                                      {product} {ergonomic}
     bool UseLargePagesIndividualAllocation        = false                                  {pd product} {ergonomic}

Logging:
Log output configuration:
 #0: stdout all=warning uptime,level,tags foldmultilines=false
 #1: stderr all=off uptime,level,tags foldmultilines=false

Environment Variables:
JAVA_HOME=C:\Program Files\Java\jdk-19
CLASSPATH=D:\App\App\android\\gradle\wrapper\gradle-wrapper.jar
PATH=D:\App\App\android\node_modules\.bin;D:\App\App\node_modules\.bin;D:\App\node_modules\.bin;D:\node_modules\.bin;C:\Program Files\nodejs;C:\Users\LENOVO\AppData\Local\Temp\yarn--1672413750001-0.09221507665251849;D:\App\App\node_modules\.bin;C:\Users\LENOVO\AppData\Local\Yarn\Data\link\node_modules\.bin;C:\Users\LENOVO\AppData\Local\Yarn\bin;C:\Program Files\libexec\lib\node_modules\npm\bin\node-gyp-bin;C:\Program Files\lib\node_modules\npm\bin\node-gyp-bin;C:\Program Files\nodejs\node_modules\npm\bin\node-gyp-bin;C:\Program Files\Common Files\Oracle\Java\javapath;C:\Program Files\Java\jdk1.8.0_191;C:\Program Files (x86)\VMware\VMware Workstation\bin\;C:\Program Files (x86)\Common Files\Oracle\Java\javapath;C:\Windows\system32;C:\Windows;C:\Windows\System32\Wbem;C:\Windows\System32\WindowsPowerShell\v1.0\;C:\Windows\System32\OpenSSH\;C:\Program Files (x86)\NVIDIA Corporation\PhysX\Common;C:\Program Files\NVIDIA Corporation\NVIDIA NvDLISR;C:\WINDOWS\system32;C:\WINDOWS;C:\WINDOWS\System32\Wbem;C:\WINDOWS\System32\WindowsPowerShell\v1.0\;C:\WINDOWS\System32\OpenSSH\;C:\Program Files\Git\cmd;C:\Program Files\Microsoft SQL Server\Client SDK\ODBC\170\Tools\Binn\;C:\Program Files\dotnet\;C:\Program Files\apache-maven-3.6.0\bin\bin;C:\Program Files\Java\jdk1.8.0_191\bin;C:\Program Files\apache-maven-3.6.0\bin;C:\Program Files\Microsoft SQL Server\Client SDK\ODBC\110\Tools\Binn\;C:\Program Files\nodejs\;C:\Program Files\Android\Android Studio\jre;C:\Python39\Scripts\;C:\Python39\;C:\Users\LENOVO\AppData\Local\Microsoft\WindowsApps;C:\Users\LENOVO\AppData\Local\Programs\Microsoft VS Code\bin;C:\Users\LENOVO\.dotnet\tools;%IntelliJ IDEA%;C:\Users\LENOVO\AppData\Roaming\npm;C:\Users\LENOVO\AppData\Local\Android\Sdk\platform-tools;
USERNAME=LENOVO
OS=Windows_NT
PROCESSOR_IDENTIFIER=Intel64 Family 6 Model 165 Stepping 2, GenuineIntel
TMP=C:\Users\LENOVO\AppData\Local\Temp
TEMP=C:\Users\LENOVO\AppData\Local\Temp



---------------  S Y S T E M  ---------------

OS:
 Windows 11 , 64 bit Build 22000 (10.0.22000.1335)
OS uptime: 3 days 0:09 hours

CPU: total 8 (initial active 8) (4 cores per cpu, 2 threads per core) family 6 model 165 stepping 2 microcode 0xe0, cx8, cmov, fxsr, ht, mmx, 3dnowpref, sse, sse2, sse3, ssse3, sse4.1, sse4.2, popcnt, lzcnt, tsc, tscinvbit, avx, avx2, aes, erms, clmul, bmi1, bmi2, adx, fma, vzeroupper, clflush, clflushopt, rdtscp

Memory: 4k page, system-wide physical 8060M (504M free)
TotalPageFile size 32636M (AvailPageFile size 31M)
current process WorkingSet (physical memory assigned to process): 263M, peak: 273M
current process commit charge ("private bytes"): 303M, peak: 342M

vm_info: Java HotSpot(TM) 64-Bit Server VM (19.0.1+10-21) for windows-amd64 JRE (19.0.1+10-21), built on 2022-09-14T12:45:06Z by "mach5one" with MS VC++ 17.1 (VS2022)

END.
